Build started 2014-02-15 14:56:43.
     1>Project "\\hsnas3\StudentHome\2013\a13nikli\Documents\Visual Studio 2012\Projects\Malloc\Malloc\Malloc.vcxproj" on node 2 (Build target(s)).
     1>ClCompile:
         C:\Program Files (x86)\Microsoft Visual Studio 11.0\VC\bin\CL.exe /c /I"\\hsnas3\StudentHome\2013\a13nikli\Documents\Visual Studio 2012\Projects\Malloc\SFML-2.1\include" /ZI /nologo /W3 /WX- /sdl /Od /Oy- /D SFML_STATIC /D _MBCS /Gm /EHsc /RTC1 /MDd /GS /fp:precise /Zc:wchar_t /Zc:forScope /Fo"Debug\\" /Fd"Debug\vc110.pdb" /Gd /TP /analyze- /errorReport:prompt Main.cpp
         Main.cpp
       Link:
         C:\Program Files (x86)\Microsoft Visual Studio 11.0\VC\bin\link.exe /ERRORREPORT:PROMPT /OUT:"\\hsnas3\StudentHome\2013\a13nikli\Documents\Visual Studio 2012\Projects\Malloc\Debug\Malloc.exe" /INCREMENTAL /NOLOGO /LIBPATH:"\\hsnas3\StudentHome\2013\a13nikli\Documents\Visual Studio 2012\Projects\Malloc\SFML-2.1\lib" "sfml-audio-s-d.lib" "sfml-graphics-s-d.lib" "sfml-window-s-d.lib" "sfml-system-s-d.lib" "sfml-main-d.lib" kernel32.lib user32.lib gdi32.lib winspool.lib comdlg32.lib advapi32.lib shell32.lib ole32.lib oleaut32.lib uuid.lib odbc32.lib odbccp32.lib /MANIFEST /MANIFESTUAC:"level='asInvoker' uiAccess='false'" /manifest:embed /DEBUG /PDB:"\\hsnas3\StudentHome\2013\a13nikli\Documents\Visual Studio 2012\Projects\Malloc\Debug\Malloc.pdb" /TLBID:1 /DYNAMICBASE /NXCOMPAT /IMPLIB:"\\hsnas3\StudentHome\2013\a13nikli\Documents\Visual Studio 2012\Projects\Malloc\Debug\Malloc.lib" /MACHINE:X86 Debug\Main.obj
         Malloc.vcxproj -> \\hsnas3\StudentHome\2013\a13nikli\Documents\Visual Studio 2012\Projects\Malloc\Debug\Malloc.exe
     1>Done Building Project "\\hsnas3\StudentHome\2013\a13nikli\Documents\Visual Studio 2012\Projects\Malloc\Malloc\Malloc.vcxproj" (Build target(s)).

Project Performance Summary:
    14845 ms  \\hsnas3\StudentHome\2013\a13nikli\Documents\Visual Studio 2012\Projects\Malloc\Malloc\Malloc.vcxproj   1 calls
              14845 ms  Build                                      1 calls

Target Performance Summary:
        0 ms  AfterBuildCompileEvent                     1 calls
        0 ms  ComputeCLCompileGeneratedXDCFiles          1 calls
        0 ms  ComputeManifestGeneratedLinkerInputs       1 calls
        0 ms  ResolveReferences                          1 calls
        0 ms  SelectClCompile                            1 calls
        0 ms  GetCopyToOutputDirectoryXamlAppDefs        1 calls
        0 ms  _CheckForCompileOutputs                    1 calls
        0 ms  GetResolvedWinMD                           1 calls
        0 ms  _Manifest                                  1 calls
        0 ms  _SelectedFiles                             1 calls
        0 ms  AfterBuildGenerateSources                  1 calls
        0 ms  _PrepareForBuild                           1 calls
        0 ms  _Midl                                      1 calls
        0 ms  SelectCustomBuild                          1 calls
        0 ms  _ClCompile                                 1 calls
        0 ms  GetReferenceAssemblyPaths                  1 calls
        0 ms  CreateCustomManifestResourceNames          1 calls
        0 ms  SetBuildDefaultEnvironmentVariables        1 calls
        0 ms  ResolveAssemblyReferences                  1 calls
        0 ms  BeforeLink                                 1 calls
        0 ms  AfterBuild                                 1 calls
        0 ms  PostBuildEvent                             1 calls
        0 ms  GetCopyToOutputDirectoryItems              1 calls
        0 ms  MakeDirsForCl                              1 calls
        0 ms  ExpandSDKReferences                        1 calls
        0 ms  BuildGenerateSources                       1 calls
        0 ms  _CopySourceItemsToOutputDirectory          1 calls
        0 ms  ComputeLinkImportLibraryOutputsForClean    1 calls
        0 ms  GetFrameworkPaths                          1 calls
        0 ms  AfterResourceCompile                       1 calls
        0 ms  _Xsd                                       1 calls
        0 ms  ComputeCustomBuildOutput                   1 calls
        0 ms  MakeDirsForBscMake                         1 calls
        0 ms  ComputeLinkSwitches                        1 calls
        0 ms  BuildCompileTraverse                       1 calls
        0 ms  _GenerateSatelliteAssemblyInputs           1 calls
        0 ms  ComputeLinkInputsFromProject               1 calls
        0 ms  Build                                      1 calls
        0 ms  _Link                                      1 calls
        0 ms  BuildLinkTraverse                          1 calls
        0 ms  ComputeManifestInputsTargets               1 calls
        0 ms  ComputeRCOutputs                           1 calls
        0 ms  _XdcMake                                   1 calls
        0 ms  CreateSatelliteAssemblies                  1 calls
        0 ms  CopyFilesToOutputDirectory                 1 calls
        0 ms  _ResourceCompile                           1 calls
        0 ms  _BuildLinkAction                           1 calls
        0 ms  ComputeMIDLGeneratedCompileInputs          1 calls
        0 ms  AfterMidl                                  1 calls
        0 ms  DoLinkOutputFilesMatch                     1 calls
        0 ms  ComputeReferenceCLInput                    1 calls
        0 ms  PrepareForRun                              1 calls
        0 ms  PreBuildEvent                              1 calls
        0 ms  MakeDirsForMidl                            1 calls
        0 ms  _BscMake                                   1 calls
        0 ms  _Appverifier                               1 calls
        0 ms  RegisterOutput                             1 calls
        0 ms  _BuildGenerateSourcesAction                1 calls
        0 ms  BeforeResourceCompile                      1 calls
        0 ms  BuildLink                                  1 calls
        0 ms  ResolveSDKReferences                       1 calls
        0 ms  _ALink                                     1 calls
        0 ms  ComputeCLGeneratedLinkInputs               1 calls
        0 ms  ResolveProjectReferences                   1 calls
        0 ms  _SplitProjectReferencesByFileExistence     1 calls
        0 ms  BuildGenerateSourcesTraverse               1 calls
        0 ms  AssignTargetPaths                          1 calls
        0 ms  ComputeLegacyManifestEmbedding             1 calls
        0 ms  _CheckForInvalidConfigurationAndPlatform   1 calls
        0 ms  ComputeCLCompileGeneratedSbrFiles          1 calls
        0 ms  AfterResolveReferences                     1 calls
        0 ms  BeforeResolveReferences                    1 calls
        0 ms  BeforeClCompile                            1 calls
        0 ms  AfterClCompile                             1 calls
        0 ms  _Deploy                                    1 calls
        0 ms  ResolvedXDCMake                            1 calls
        0 ms  ComputeCLOutputs                           1 calls
        0 ms  PlatformPrepareForBuild                    1 calls
        0 ms  MakeDirsForXdcMake                         1 calls
        0 ms  GetInstalledSDKLocations                   1 calls
        0 ms  BeforeBuildGenerateSources                 1 calls
        0 ms  _BuildCompileAction                        1 calls
        0 ms  AssignProjectConfiguration                 1 calls
        0 ms  BuildCompile                               1 calls
        0 ms  ComputeRCGeneratedLinkInputs               1 calls
        0 ms  AfterLink                                  1 calls
        0 ms  PrepareResourceNames                       1 calls
        0 ms  AfterBuildGenerateSourcesEvent             1 calls
        0 ms  PreLinkEvent                               1 calls
        0 ms  _PrepareForReferenceResolution             1 calls
       10 ms  ComputeCLInputPDBName                      1 calls
       10 ms  MakeDirsForResourceCompile                 1 calls
       10 ms  SplitResourcesByCulture                    1 calls
       20 ms  PrepareForBuild                            1 calls
       30 ms  MakeDirsForLink                            1 calls
       40 ms  InitializeBuildStatus                      1 calls
       60 ms  FinalizeBuildStatus                        1 calls
     6170 ms  Link                                       1 calls
     8485 ms  ClCompile                                  1 calls

Build succeeded.

Time Elapsed 00:00:14.84
